<?xml version="1.0" encoding="UTF-8"?>
<!-- Generated by org.testng.reporters.JUnitXMLReporter -->
<testsuite ignored="0" hostname="DESKTOP-ILE7QM0" failures="0" tests="5" name="Test" time="44.921" errors="0" timestamp="2025-11-22T22:21:26 IST">
  <testcase classname="seleniumAssertPacakage.Assignment5" name="verifyJSElement" time="0.423"/>
  <testcase classname="seleniumAssertPacakage.Assignment4" name="verifyAlertTExt" time="0.372"/>
  <testcase classname="seleniumAssertPacakage.Assignment3" name="verifyLoginTest" time="0.801"/>
  <testcase classname="seleniumAssertPacakage.Assignment6" name="jsPrompt" time="0.408"/>
  <testcase classname="seleniumAssertPacakage.Advancedtablescenarios" name="verifytheLastNames" time="0.319"/>
</testsuite> <!-- Test -->
