<?xml version="1.0" encoding="UTF-8"?>
<testng-results ignored="0" total="1" passed="1" failed="0" skipped="0">
  <reporter-output>
  </reporter-output>
  <suite started-at="2025-12-06T22:51:17 IST" name="Default suite" finished-at="2025-12-06T22:51:51 IST" duration-ms="33651">
    <groups>
    </groups>
    <test started-at="2025-12-06T22:51:17 IST" name="Default test" finished-at="2025-12-06T22:51:51 IST" duration-ms="33651">
      <class name="seleniumStandAlone.TC9">
        <test-method signature="login()[pri:0, instance:seleniumStandAlone.TC9@45752059]" started-at="2025-12-06T22:51:17 IST" name="login" finished-at="2025-12-06T22:51:51 IST" duration-ms="33592" status="PASS">
          <reporter-output>
          </reporter-output>
        </test-method> <!-- login -->
      </class> <!-- seleniumStandAlone.TC9 -->
    </test> <!-- Default test -->
  </suite> <!-- Default suite -->
</testng-results>
