<?xml version="1.0" encoding="UTF-8"?>
<!-- Generated by org.testng.reporters.JUnitReportReporter -->
<testsuite hostname="DESKTOP-ILE7QM0" failures="0" tests="2" name="seleniumPacakage.dataDrivenExample" time="20.115" errors="0" timestamp="2025-11-30T23:59:01 IST" skipped="0">
  <testcase classname="seleniumPacakage.dataDrivenExample" name="verifyLogin" time="10.919"/>
  <testcase classname="seleniumPacakage.dataDrivenExample" name="verifyLogin" time="9.196"/>
</testsuite> <!-- seleniumPacakage.dataDrivenExample -->
