<?xml version="1.0" encoding="UTF-8"?>
<!-- Generated by org.testng.reporters.JUnitReportReporter -->
<testsuite hostname="DESKTOP-ILE7QM0" failures="0" tests="3" name="TestNGseleniumPacakage.tablewithHashMap" time="18.762" errors="0" timestamp="2025-11-11T22:37:24 IST" skipped="0">
  <testcase classname="TestNGseleniumPacakage.tablewithHashMap" name="printThenameswhoseAgeisgreateThan50" time="5.019"/>
  <testcase classname="TestNGseleniumPacakage.tablewithHashMap" name="printThenameswhoseAgeisgreateThan50andlocationisLondon" time="5.670"/>
  <testcase classname="TestNGseleniumPacakage.tablewithHashMap" name="printTheCountOfEachDept" time="8.073"/>
</testsuite> <!-- TestNGseleniumPacakage.tablewithHashMap -->
