<?xml version="1.0" encoding="UTF-8"?>
<!-- Generated by org.testng.reporters.JUnitReportReporter -->
<testsuite hostname="DESKTOP-ILE7QM0" failures="0" tests="3" name="seleniumDataDriven.dataDrivenExample" time="30.093" errors="0" timestamp="2025-12-02T22:47:37 IST" skipped="0">
  <testcase classname="seleniumDataDriven.dataDrivenExample" name="verifyLogin" time="11.433"/>
  <testcase classname="seleniumDataDriven.dataDrivenExample" name="verifyLogin" time="9.429"/>
  <testcase classname="seleniumDataDriven.dataDrivenExample" name="verifyLogin" time="9.231"/>
</testsuite> <!-- seleniumDataDriven.dataDrivenExample -->
