<?xml version="1.0" encoding="UTF-8"?>
<!-- Generated by org.testng.reporters.JUnitReportReporter -->
<testsuite hostname="DESKTOP-ILE7QM0" failures="0" tests="3" name="TestNGseleniumPacakage.dependsOn" time="0.018" errors="0" timestamp="2025-11-12T23:22:31 IST" skipped="0">
  <testcase classname="TestNGseleniumPacakage.dependsOn" name="verifyAddToCart" time="0.003"/>
  <testcase classname="TestNGseleniumPacakage.dependsOn" name="verifyProductPayment" time="0.003"/>
  <testcase classname="TestNGseleniumPacakage.dependsOn" name="searchAddToCart" time="0.012"/>
</testsuite> <!-- TestNGseleniumPacakage.dependsOn -->
