<?xml version="1.0" encoding="UTF-8"?>
<!-- Generated by org.testng.reporters.JUnitReportReporter -->
<testsuite hostname="DESKTOP-ILE7QM0" failures="0" tests="2" name="seleniumPacakage.dataDrivenExample" time="33.357" errors="0" timestamp="2025-12-02T22:41:38 IST" skipped="0">
  <testcase classname="seleniumPacakage.dataDrivenExample" name="verifyLogin" time="20.892"/>
  <testcase classname="seleniumPacakage.dataDrivenExample" name="verifyLogin" time="12.465"/>
</testsuite> <!-- seleniumPacakage.dataDrivenExample -->
